{
  "RSpec": {
    "coverage": {
      "/Users/tnodland/turing/3module/project/sweater_weather/app/models/user.rb": [
        1,
        1,
        null,
        1,
        1,
        null
      ],
      "/Users/tnodland/turing/3module/project/sweater_weather/app/models/application_record.rb": [
        1,
        1,
        null
      ],
      "/Users/tnodland/turing/3module/project/sweater_weather/app/controllers/api/v1/favorites_controller.rb": [
        1,
        1,
        2,
        1,
        1,
        1,
        null,
        1,
        null,
        null,
        null,
        null,
        null,
        1,
        3,
        1,
        1,
        null,
        2,
        null,
        null,
        null,
        null,
        null,
        1,
        3,
        2,
        2,
        null,
        2,
        1,
        null,
        1,
        null,
        null,
        null,
        null,
        1,
        null,
        null,
        null,
        null,
        null
      ],
      "/Users/tnodland/turing/3module/project/sweater_weather/app/controllers/application_controller.rb": [
        1,
        null
      ],
      "/Users/tnodland/turing/3module/project/sweater_weather/app/models/favorite.rb": [
        1,
        1,
        null
      ],
      "/Users/tnodland/turing/3module/project/sweater_weather/app/facades/favorites_facade.rb": [
        1,
        1,
        1,
        null,
        null,
        1,
        1,
        2,
        2,
        null,
        null,
        null,
        null,
        null,
        null,
        null,
        2,
        null,
        null,
        null,
        1,
        null,
        1,
        2,
        null,
        null,
        1,
        2,
        null,
        null
      ],
      "/Users/tnodland/turing/3module/project/sweater_weather/app/services/google_service.rb": [
        1,
        1,
        2,
        2,
        null,
        null,
        2,
        2,
        null,
        null,
        1,
        0,
        0,
        null,
        null,
        0,
        0,
        null,
        null,
        1,
        1,
        null,
        1,
        1,
        2,
        null,
        null
      ],
      "/Users/tnodland/turing/3module/project/sweater_weather/app/services/darksky_service.rb": [
        1,
        1,
        2,
        2,
        null,
        null,
        2,
        2,
        null,
        null
      ]
    },
    "timestamp": 1559754610
  }
}
